Analysis & Synthesis report for Key_Schedule
Sun Jun 15 21:17:07 2025
Quartus II Version 9.0 Build 235 06/17/2009 Service Pack 2 SJ Web Edition


---------------------
; Table of Contents ;
---------------------
  1. Legal Notice
  2. Analysis & Synthesis Summary
  3. Analysis & Synthesis Settings
  4. Analysis & Synthesis Source Files Read
  5. Analysis & Synthesis Resource Usage Summary
  6. Analysis & Synthesis Resource Utilization by Entity
  7. Registers Removed During Synthesis
  8. General Register Statistics
  9. Multiplexer Restructuring Statistics (Restructuring Performed)
 10. Parameter Settings for User Entity Instance: Top-level Entity: |Key_Schedule
 11. Parameter Settings for Inferred Entity Instance: Key_Byte_Selector:key_byte_selector_ksa|lpm_divide:Mod0
 12. Analysis & Synthesis Messages



----------------
; Legal Notice ;
----------------
Copyright (C) 1991-2009 Altera Corporation
Your use of Altera Corporation's design tools, logic functions 
and other software and tools, and its AMPP partner logic 
functions, and any output files from any of the foregoing 
(including device programming or simulation files), and any 
associated documentation or information are expressly subject 
to the terms and conditions of the Altera Program License 
Subscription Agreement, Altera MegaCore Function License 
Agreement, or other applicable license agreement, including, 
without limitation, that your use is for the sole purpose of 
programming logic devices manufactured by Altera and sold by 
Altera or its authorized distributors.  Please refer to the 
applicable agreement for further details.



+------------------------------------------------------------------------------+
; Analysis & Synthesis Summary                                                 ;
+-------------------------------+----------------------------------------------+
; Analysis & Synthesis Status   ; Successful - Sun Jun 15 21:17:07 2025        ;
; Quartus II Version            ; 9.0 Build 235 06/17/2009 SP 2 SJ Web Edition ;
; Revision Name                 ; Key_Schedule                                 ;
; Top-level Entity Name         ; Key_Schedule                                 ;
; Family                        ; Stratix II                                   ;
; Logic utilization             ; N/A                                          ;
;     Combinational ALUTs       ; 128                                          ;
;     Dedicated logic registers ; 49                                           ;
; Total registers               ; 49                                           ;
; Total pins                    ; 57                                           ;
; Total virtual pins            ; 0                                            ;
; Total block memory bits       ; 0                                            ;
; DSP block 9-bit elements      ; 0                                            ;
; Total PLLs                    ; 0                                            ;
; Total DLLs                    ; 0                                            ;
+-------------------------------+----------------------------------------------+


+--------------------------------------------------------------------------------------------------------+
; Analysis & Synthesis Settings                                                                          ;
+--------------------------------------------------------------+--------------------+--------------------+
; Option                                                       ; Setting            ; Default Value      ;
+--------------------------------------------------------------+--------------------+--------------------+
; Top-level entity name                                        ; Key_Schedule       ; Key_Schedule       ;
; Family name                                                  ; Stratix II         ; Stratix II         ;
; Verilog Show LMF Mapping Messages                            ; Off                ;                    ;
; Verilog Version                                              ; SystemVerilog_2005 ; Verilog_2001       ;
; Use Generated Physical Constraints File                      ; Off                ;                    ;
; Use smart compilation                                        ; Off                ; Off                ;
; Restructure Multiplexers                                     ; Auto               ; Auto               ;
; Create Debugging Nodes for IP Cores                          ; Off                ; Off                ;
; Preserve fewer node names                                    ; On                 ; On                 ;
; Disable OpenCore Plus hardware evaluation                    ; Off                ; Off                ;
; VHDL Version                                                 ; VHDL93             ; VHDL93             ;
; State Machine Processing                                     ; Auto               ; Auto               ;
; Safe State Machine                                           ; Off                ; Off                ;
; Extract Verilog State Machines                               ; On                 ; On                 ;
; Extract VHDL State Machines                                  ; On                 ; On                 ;
; Ignore Verilog initial constructs                            ; Off                ; Off                ;
; Iteration limit for constant Verilog loops                   ; 5000               ; 5000               ;
; Iteration limit for non-constant Verilog loops               ; 250                ; 250                ;
; Add Pass-Through Logic to Inferred RAMs                      ; On                 ; On                 ;
; Parallel Synthesis                                           ; Off                ; Off                ;
; DSP Block Balancing                                          ; Auto               ; Auto               ;
; NOT Gate Push-Back                                           ; On                 ; On                 ;
; Power-Up Don't Care                                          ; On                 ; On                 ;
; Remove Redundant Logic Cells                                 ; Off                ; Off                ;
; Remove Duplicate Registers                                   ; On                 ; On                 ;
; Ignore CARRY Buffers                                         ; Off                ; Off                ;
; Ignore CASCADE Buffers                                       ; Off                ; Off                ;
; Ignore GLOBAL Buffers                                        ; Off                ; Off                ;
; Ignore ROW GLOBAL Buffers                                    ; Off                ; Off                ;
; Ignore LCELL Buffers                                         ; Off                ; Off                ;
; Ignore SOFT Buffers                                          ; On                 ; On                 ;
; Limit AHDL Integers to 32 Bits                               ; Off                ; Off                ;
; Optimization Technique                                       ; Balanced           ; Balanced           ;
; Carry Chain Length                                           ; 70                 ; 70                 ;
; Auto Carry Chains                                            ; On                 ; On                 ;
; Auto Open-Drain Pins                                         ; On                 ; On                 ;
; Perform WYSIWYG Primitive Resynthesis                        ; Off                ; Off                ;
; Auto ROM Replacement                                         ; On                 ; On                 ;
; Auto RAM Replacement                                         ; On                 ; On                 ;
; Auto DSP Block Replacement                                   ; On                 ; On                 ;
; Auto Shift Register Replacement                              ; Auto               ; Auto               ;
; Auto Clock Enable Replacement                                ; On                 ; On                 ;
; Strict RAM Replacement                                       ; Off                ; Off                ;
; Allow Synchronous Control Signals                            ; On                 ; On                 ;
; Force Use of Synchronous Clear Signals                       ; Off                ; Off                ;
; Auto RAM Block Balancing                                     ; On                 ; On                 ;
; Auto RAM to Logic Cell Conversion                            ; Off                ; Off                ;
; Auto Resource Sharing                                        ; Off                ; Off                ;
; Allow Any RAM Size For Recognition                           ; Off                ; Off                ;
; Allow Any ROM Size For Recognition                           ; Off                ; Off                ;
; Allow Any Shift Register Size For Recognition                ; Off                ; Off                ;
; Use LogicLock Constraints during Resource Balancing          ; On                 ; On                 ;
; Ignore translate_off and synthesis_off directives            ; Off                ; Off                ;
; Timing-Driven Synthesis                                      ; Off                ; Off                ;
; Show Parameter Settings Tables in Synthesis Report           ; On                 ; On                 ;
; Ignore Maximum Fan-Out Assignments                           ; Off                ; Off                ;
; Synchronization Register Chain Length                        ; 2                  ; 2                  ;
; PowerPlay Power Optimization                                 ; Normal compilation ; Normal compilation ;
; HDL message level                                            ; Level2             ; Level2             ;
; Suppress Register Optimization Related Messages              ; Off                ; Off                ;
; Number of Removed Registers Reported in Synthesis Report     ; 100                ; 100                ;
; Number of Inverted Registers Reported in Synthesis Report    ; 100                ; 100                ;
; Clock MUX Protection                                         ; On                 ; On                 ;
; Auto Gated Clock Conversion                                  ; Off                ; Off                ;
; Block Design Naming                                          ; Auto               ; Auto               ;
; SDC constraint protection                                    ; Off                ; Off                ;
; Synthesis Effort                                             ; Auto               ; Auto               ;
; Shift Register Replacement - Allow Asynchronous Clear Signal ; On                 ; On                 ;
; Analysis & Synthesis Message Level                           ; Medium             ; Medium             ;
+--------------------------------------------------------------+--------------------+--------------------+


+---------------------------------------------------------------------------------------------------------------------------------------------------------------------------------------------------+
; Analysis & Synthesis Source Files Read                                                                                                                                                            ;
+----------------------------------+-----------------+------------------------------------+---------------------------------------------------------------------------------------------------------+
; File Name with User-Entered Path ; Used in Netlist ; File Type                          ; File Name with Absolute Path                                                                            ;
+----------------------------------+-----------------+------------------------------------+---------------------------------------------------------------------------------------------------------+
; Key_Schedule.sv                  ; yes             ; User SystemVerilog HDL File        ; C:/Users/Admin/Desktop/cpen311/lab/lab4/Lab4_template_de1soc/template_de1soc/Key_Schedule.sv            ;
; Key_Byte_Selector.sv             ; yes             ; Auto-Found SystemVerilog HDL File  ; C:/Users/Admin/Desktop/cpen311/lab/lab4/Lab4_template_de1soc/template_de1soc/Key_Byte_Selector.sv       ;
; lpm_divide.tdf                   ; yes             ; Megafunction                       ; c:/altera/90sp2/quartus/libraries/megafunctions/lpm_divide.tdf                                          ;
; abs_divider.inc                  ; yes             ; Megafunction                       ; c:/altera/90sp2/quartus/libraries/megafunctions/abs_divider.inc                                         ;
; sign_div_unsign.inc              ; yes             ; Megafunction                       ; c:/altera/90sp2/quartus/libraries/megafunctions/sign_div_unsign.inc                                     ;
; aglobal90.inc                    ; yes             ; Megafunction                       ; c:/altera/90sp2/quartus/libraries/megafunctions/aglobal90.inc                                           ;
; db/lpm_divide_46m.tdf            ; yes             ; Auto-Generated Megafunction        ; C:/Users/Admin/Desktop/cpen311/lab/lab4/Lab4_template_de1soc/template_de1soc/db/lpm_divide_46m.tdf      ;
; db/sign_div_unsign_9kh.tdf       ; yes             ; Auto-Generated Megafunction        ; C:/Users/Admin/Desktop/cpen311/lab/lab4/Lab4_template_de1soc/template_de1soc/db/sign_div_unsign_9kh.tdf ;
; db/alt_u_div_m0f.tdf             ; yes             ; Auto-Generated Megafunction        ; C:/Users/Admin/Desktop/cpen311/lab/lab4/Lab4_template_de1soc/template_de1soc/db/alt_u_div_m0f.tdf       ;
+----------------------------------+-----------------+------------------------------------+---------------------------------------------------------------------------------------------------------+


+-------------------------------------------------------+
; Analysis & Synthesis Resource Usage Summary           ;
+-----------------------------------------------+-------+
; Resource                                      ; Usage ;
+-----------------------------------------------+-------+
; Estimated ALUTs Used                          ; 128   ;
; Dedicated logic registers                     ; 49    ;
;                                               ;       ;
; Estimated ALUTs Unavailable                   ; 3     ;
;                                               ;       ;
; Total combinational functions                 ; 128   ;
; Combinational ALUT usage by number of inputs  ;       ;
;     -- 7 input functions                      ; 0     ;
;     -- 6 input functions                      ; 2     ;
;     -- 5 input functions                      ; 37    ;
;     -- 4 input functions                      ; 16    ;
;     -- <=3 input functions                    ; 73    ;
;                                               ;       ;
; Combinational ALUTs by mode                   ;       ;
;     -- normal mode                            ; 85    ;
;     -- extended LUT mode                      ; 0     ;
;     -- arithmetic mode                        ; 35    ;
;     -- shared arithmetic mode                 ; 8     ;
;                                               ;       ;
; Estimated ALUT/register pairs used            ; 144   ;
;                                               ;       ;
; Total registers                               ; 49    ;
;     -- Dedicated logic registers              ; 49    ;
;     -- I/O registers                          ; 0     ;
;                                               ;       ;
; Estimated ALMs:  partially or completely used ; 72    ;
;                                               ;       ;
; I/O pins                                      ; 57    ;
; Maximum fan-out node                          ; clk   ;
; Maximum fan-out                               ; 49    ;
; Total fan-out                                 ; 664   ;
; Average fan-out                               ; 2.84  ;
+-----------------------------------------------+-------+


+---------------------------------------------------------------------------------------------------------------------------------------------------------------------------------------------------------------------------------------------------------------------------------------------------------------------------------------------------+
; Analysis & Synthesis Resource Utilization by Entity                                                                                                                                                                                                                                                                                               ;
+----------------------------------------------+-------------------+--------------+-------------------+--------------+---------+-----------+-----------+------+--------------+-------------------------------------------------------------------------------------------------------------------------------------------------------+--------------+
; Compilation Hierarchy Node                   ; LC Combinationals ; LC Registers ; Block Memory Bits ; DSP Elements ; DSP 9x9 ; DSP 18x18 ; DSP 36x36 ; Pins ; Virtual Pins ; Full Hierarchy Name                                                                                                                                   ; Library Name ;
+----------------------------------------------+-------------------+--------------+-------------------+--------------+---------+-----------+-----------+------+--------------+-------------------------------------------------------------------------------------------------------------------------------------------------------+--------------+
; |Key_Schedule                                ; 128 (81)          ; 49 (49)      ; 0                 ; 0            ; 0       ; 0         ; 0         ; 57   ; 0            ; |Key_Schedule                                                                                                                                         ; work         ;
;    |Key_Byte_Selector:key_byte_selector_ksa| ; 47 (8)            ; 0 (0)        ; 0                 ; 0            ; 0       ; 0         ; 0         ; 0    ; 0            ; |Key_Schedule|Key_Byte_Selector:key_byte_selector_ksa                                                                                                 ; work         ;
;       |lpm_divide:Mod0|                      ; 39 (0)            ; 0 (0)        ; 0                 ; 0            ; 0       ; 0         ; 0         ; 0    ; 0            ; |Key_Schedule|Key_Byte_Selector:key_byte_selector_ksa|lpm_divide:Mod0                                                                                 ; work         ;
;          |lpm_divide_46m:auto_generated|     ; 39 (0)            ; 0 (0)        ; 0                 ; 0            ; 0       ; 0         ; 0         ; 0    ; 0            ; |Key_Schedule|Key_Byte_Selector:key_byte_selector_ksa|lpm_divide:Mod0|lpm_divide_46m:auto_generated                                                   ; work         ;
;             |sign_div_unsign_9kh:divider|    ; 39 (0)            ; 0 (0)        ; 0                 ; 0            ; 0       ; 0         ; 0         ; 0    ; 0            ; |Key_Schedule|Key_Byte_Selector:key_byte_selector_ksa|lpm_divide:Mod0|lpm_divide_46m:auto_generated|sign_div_unsign_9kh:divider                       ; work         ;
;                |alt_u_div_m0f:divider|       ; 39 (39)           ; 0 (0)        ; 0                 ; 0            ; 0       ; 0         ; 0         ; 0    ; 0            ; |Key_Schedule|Key_Byte_Selector:key_byte_selector_ksa|lpm_divide:Mod0|lpm_divide_46m:auto_generated|sign_div_unsign_9kh:divider|alt_u_div_m0f:divider ; work         ;
+----------------------------------------------+-------------------+--------------+-------------------+--------------+---------+-----------+-----------+------+--------------+-------------------------------------------------------------------------------------------------------------------------------------------------------+--------------+
Note: For table entries with two numbers listed, the numbers in parentheses indicate the number of resources of the given type used by the specific entity alone. The numbers listed outside of parentheses indicate the total resources of the given type used by the specific entity and all of its sub-entities in the hierarchy.


+--------------------------------------------------------------------------------+
; Registers Removed During Synthesis                                             ;
+---------------------------------------+----------------------------------------+
; Register name                         ; Reason for Removal                     ;
+---------------------------------------+----------------------------------------+
; state[9]                              ; Stuck at GND due to stuck port data_in ;
; Total Number of Removed Registers = 1 ;                                        ;
+---------------------------------------+----------------------------------------+


+------------------------------------------------------+
; General Register Statistics                          ;
+----------------------------------------------+-------+
; Statistic                                    ; Value ;
+----------------------------------------------+-------+
; Total registers                              ; 49    ;
; Number of registers using Synchronous Clear  ; 49    ;
; Number of registers using Synchronous Load   ; 8     ;
; Number of registers using Asynchronous Clear ; 0     ;
; Number of registers using Asynchronous Load  ; 0     ;
; Number of registers using Clock Enable       ; 40    ;
; Number of registers using Preset             ; 0     ;
+----------------------------------------------+-------+


+--------------------------------------------------------------------------------------------------------------------------------------------------------------------------+
; Multiplexer Restructuring Statistics (Restructuring Performed)                                                                                                           ;
+--------------------+-----------+---------------+----------------------+------------------------+------------+------------------------------------------------------------+
; Multiplexer Inputs ; Bus Width ; Baseline Area ; Area if Restructured ; Saving if Restructured ; Registered ; Example Multiplexer Output                                 ;
+--------------------+-----------+---------------+----------------------+------------------------+------------+------------------------------------------------------------+
; 5:1                ; 8 bits    ; 24 ALUTs      ; 0 ALUTs              ; 24 ALUTs               ; Yes        ; |Key_Schedule|j_accumulator[3]                             ;
; 6:1                ; 8 bits    ; 32 ALUTs      ; 0 ALUTs              ; 32 ALUTs               ; Yes        ; |Key_Schedule|s_i_value[7]                                 ;
; 6:1                ; 8 bits    ; 32 ALUTs      ; 0 ALUTs              ; 32 ALUTs               ; Yes        ; |Key_Schedule|i_counter[2]                                 ;
; 6:1                ; 8 bits    ; 32 ALUTs      ; 0 ALUTs              ; 32 ALUTs               ; Yes        ; |Key_Schedule|wr_data_out[6]~reg0                          ;
; 8:1                ; 8 bits    ; 40 ALUTs      ; 16 ALUTs             ; 24 ALUTs               ; Yes        ; |Key_Schedule|addr_out[3]~reg0                             ;
; 4:1                ; 8 bits    ; 16 ALUTs      ; 16 ALUTs             ; 0 ALUTs                ; No         ; |Key_Schedule|Key_Byte_Selector:key_byte_selector_ksa|Mux7 ;
+--------------------+-----------+---------------+----------------------+------------------------+------------+------------------------------------------------------------+


+------------------------------------------------------------------------------+
; Parameter Settings for User Entity Instance: Top-level Entity: |Key_Schedule ;
+----------------+------------+------------------------------------------------+
; Parameter Name ; Value      ; Type                                           ;
+----------------+------------+------------------------------------------------+
; IDLE           ; 0000000000 ; Unsigned Binary                                ;
; TRANS_READ_SI  ; 0000010100 ; Unsigned Binary                                ;
; READ_SI        ; 0000100001 ; Unsigned Binary                                ;
; WAIT_READ_SI   ; 0000110001 ; Unsigned Binary                                ;
; CALC_J         ; 0001000001 ; Unsigned Binary                                ;
; CALC_J_2       ; 0001010101 ; Unsigned Binary                                ;
; READ_SJ        ; 0001100001 ; Unsigned Binary                                ;
; WAIT_READ_SJ   ; 0001110001 ; Unsigned Binary                                ;
; TRANS_WRITE_SI ; 0010001000 ; Unsigned Binary                                ;
; WRITE_SI       ; 0010010001 ; Unsigned Binary                                ;
; WAIT_WRITE_SI  ; 0010100001 ; Unsigned Binary                                ;
; TRANS_WRITE_SJ ; 0010111000 ; Unsigned Binary                                ;
; WRITE_SJ       ; 0011110001 ; Unsigned Binary                                ;
; WAIT_WRITE_SJ  ; 0100010001 ; Unsigned Binary                                ;
; CHECK_DONE     ; 0100100000 ; Unsigned Binary                                ;
; FINISHED       ; 0100110010 ; Unsigned Binary                                ;
+----------------+------------+------------------------------------------------+
Note: In order to hide this table in the UI and the text report file, please set the "Show Parameter Settings Tables in Synthesis Report" option in "Analysis and Synthesis Settings -> More Settings" to "Off".


+----------------------------------------------------------------------------------------------------------+
; Parameter Settings for Inferred Entity Instance: Key_Byte_Selector:key_byte_selector_ksa|lpm_divide:Mod0 ;
+------------------------+----------------+----------------------------------------------------------------+
; Parameter Name         ; Value          ; Type                                                           ;
+------------------------+----------------+----------------------------------------------------------------+
; LPM_WIDTHN             ; 8              ; Untyped                                                        ;
; LPM_WIDTHD             ; 2              ; Untyped                                                        ;
; LPM_NREPRESENTATION    ; UNSIGNED       ; Untyped                                                        ;
; LPM_DREPRESENTATION    ; UNSIGNED       ; Untyped                                                        ;
; LPM_PIPELINE           ; 0              ; Untyped                                                        ;
; LPM_REMAINDERPOSITIVE  ; TRUE           ; Untyped                                                        ;
; MAXIMIZE_SPEED         ; 5              ; Untyped                                                        ;
; CBXI_PARAMETER         ; lpm_divide_46m ; Untyped                                                        ;
; CARRY_CHAIN            ; MANUAL         ; Untyped                                                        ;
; OPTIMIZE_FOR_SPEED     ; 5              ; Untyped                                                        ;
; AUTO_CARRY_CHAINS      ; ON             ; AUTO_CARRY                                                     ;
; IGNORE_CARRY_BUFFERS   ; OFF            ; IGNORE_CARRY                                                   ;
; AUTO_CASCADE_CHAINS    ; ON             ; AUTO_CASCADE                                                   ;
; IGNORE_CASCADE_BUFFERS ; OFF            ; IGNORE_CASCADE                                                 ;
+------------------------+----------------+----------------------------------------------------------------+
Note: In order to hide this table in the UI and the text report file, please set the "Show Parameter Settings Tables in Synthesis Report" option in "Analysis and Synthesis Settings -> More Settings" to "Off".


+-------------------------------+
; Analysis & Synthesis Messages ;
+-------------------------------+
Info: *******************************************************************
Info: Running Quartus II Analysis & Synthesis
    Info: Version 9.0 Build 235 06/17/2009 Service Pack 2 SJ Web Edition
    Info: Processing started: Sun Jun 15 21:17:06 2025
Info: Command: quartus_map --read_settings_files=on --write_settings_files=off Key_Schedule -c Key_Schedule
Info: Found 1 design units, including 1 entities, in source file Key_Schedule.sv
    Info: Found entity 1: Key_Schedule
Info: Elaborating entity "Key_Schedule" for the top level hierarchy
Warning: Using design file Key_Byte_Selector.sv, which is not specified as a design file for the current project, but contains definitions for 1 design units and 1 entities in project
    Info: Found entity 1: Key_Byte_Selector
Info: Elaborating entity "Key_Byte_Selector" for hierarchy "Key_Byte_Selector:key_byte_selector_ksa"
Info: Inferred 1 megafunctions from design logic
    Info: Inferred divider/modulo megafunction ("lpm_divide") from the following logic: "Key_Byte_Selector:key_byte_selector_ksa|Mod0"
Info: Elaborated megafunction instantiation "Key_Byte_Selector:key_byte_selector_ksa|lpm_divide:Mod0"
Info: Instantiated megafunction "Key_Byte_Selector:key_byte_selector_ksa|lpm_divide:Mod0" with the following parameter:
    Info: Parameter "LPM_WIDTHN" = "8"
    Info: Parameter "LPM_WIDTHD" = "2"
    Info: Parameter "LPM_NREPRESENTATION" = "UNSIGNED"
    Info: Parameter "LPM_DREPRESENTATION" = "UNSIGNED"
Info: Found 1 design units, including 1 entities, in source file db/lpm_divide_46m.tdf
    Info: Found entity 1: lpm_divide_46m
Info: Found 1 design units, including 1 entities, in source file db/sign_div_unsign_9kh.tdf
    Info: Found entity 1: sign_div_unsign_9kh
Info: Found 1 design units, including 1 entities, in source file db/alt_u_div_m0f.tdf
    Info: Found entity 1: alt_u_div_m0f
Info: Implemented 210 device resources after synthesis - the final resource count might be different
    Info: Implemented 37 input pins
    Info: Implemented 20 output pins
    Info: Implemented 153 logic cells
Info: Quartus II Analysis & Synthesis was successful. 0 errors, 1 warning
    Info: Peak virtual memory: 235 megabytes
    Info: Processing ended: Sun Jun 15 21:17:07 2025
    Info: Elapsed time: 00:00:01
    Info: Total CPU time (on all processors): 00:00:01


